==> Vault server configuration:

Administrative Namespace: 
             Api Address: http://0.0.0.0:8200
                     Cgo: disabled
         Cluster Address: https://0.0.0.0:8201
   Environment Variables: ACTIVE_CUSTOM_IMAGE, API_DOGFOOD, ASPNETCORE_URLS, BASHRC_GOOGLE_PATH, BASHRC_PATH, BROWSER, CLOUDSDK_CONFIG, CLOUDSDK_DIAGNOSTICS_HIDDEN_PROPERTY_ALLOWLIST, CLOUDSDK_DIAGNOSTICS_HIDDEN_PROPERTY_WHITELIST, CLOUDSHELL_ENVIRONMENT, CLOUDSHELL_OPEN_DIR, CLOUD_SHELL, CLOUD_SHELL_IMAGE_VERSION, CREDENTIALS_SERVICE_PORT, CUSTOM_ENVIRONMENT, DEBUGINFOD_URLS, DEVSHELL_CLIENTS_DIR, DEVSHELL_GCLOUD_CONFIG, DEVSHELL_IP_ADDRESS, DEVSHELL_PROJECT_ID, DEVSHELL_SERVER_URL, DOCKER_HOST, DOTNET_BUNDLE_EXTRACT_BASE_DIR, DOTNET_SKIP_FIRST_TIME_EXPERIENCE, GCE_METADATA_HOST, GEM_HOME, GEM_PATH, GOOGLE_CLOUD_SHELL, GOPATH, HISTFILESIZE, HISTSIZE, HOME, JAVA_HOME, LANG, LESSCLOSE, LESSOPEN, LOGNAME, LS_COLORS, MINIKUBE_FORCE_SYSTEMD, MINIKUBE_HOME, MINIKUBE_WANTUPDATENOTIFICATION, NGROK_AUTHTOKEN, OLDPWD, PATH, PROMPT_COMMAND, PWD, SHELL, SHLVL, SSH_CLIENT, SSH_CONNECTION, SSH_TTY, TERM, TRUSTED_ENVIRONMENT, USER, USER_EMAIL, USE_CLOUD_SDK_PYTHON3, USE_GKE_GCLOUD_AUTH_PLUGIN, V2V_GCP_V2V_IMAGE, WEB_HOST, _, __TMP_CLOUDSDK_CONFIG
              Go Version: go1.24.4
              Listener 1: tcp (addr: "0.0.0.0:8200", cluster address: "0.0.0.0:8201", disable_request_limiter: "false", max_request_duration: "1m30s", max_request_size: "33554432", tls: "disabled")
               Log Level: 
                   Mlock: supported: true, enabled: false
           Recovery Mode: false
                 Storage: inmem
                 Version: Vault v1.20.2, built 2025-08-05T19:05:39Z
             Version Sha: 824d12909d5b596ddd3f34d9c8f169b4f9701a0c

==> Vault server started! Log data will stream in below:

2025-08-12T06:52:40.200Z [INFO]  proxy environment: http_proxy="" https_proxy="" no_proxy=""
2025-08-12T06:52:40.200Z [INFO]  incrementing seal generation: generation=1
2025-08-12T06:52:40.200Z [WARN]  no `api_addr` value specified in config or in VAULT_API_ADDR; falling back to detection if possible, but this value should be manually set
2025-08-12T06:52:40.201Z [INFO]  core: Initializing version history cache for core
2025-08-12T06:52:40.201Z [INFO]  events: Starting event system
2025-08-12T06:52:40.210Z [INFO]  core: security barrier not initialized
2025-08-12T06:52:40.210Z [INFO]  core: security barrier initialized: stored=1 shares=1 threshold=1
2025-08-12T06:52:40.211Z [INFO]  core: post-unseal setup starting
2025-08-12T06:52:40.224Z [INFO]  core: loaded wrapping token key
2025-08-12T06:52:40.225Z [INFO]  core: successfully setup plugin runtime catalog
2025-08-12T06:52:40.225Z [INFO]  core: successfully setup plugin catalog: plugin-directory=""
2025-08-12T06:52:40.225Z [INFO]  core: no mounts; adding default mount table
2025-08-12T06:52:40.229Z [INFO]  core: successfully mounted: type=cubbyhole version="v1.20.2+builtin.vault" path=cubbyhole/ namespace="ID: root. Path: "
2025-08-12T06:52:40.229Z [INFO]  core: successfully mounted: type=system version="v1.20.2+builtin.vault" path=sys/ namespace="ID: root. Path: "
2025-08-12T06:52:40.230Z [INFO]  core: successfully mounted: type=identity version="v1.20.2+builtin.vault" path=identity/ namespace="ID: root. Path: "
2025-08-12T06:52:40.233Z [INFO]  core: successfully mounted: type=token version="v1.20.2+builtin.vault" path=token/ namespace="ID: root. Path: "
2025-08-12T06:52:40.233Z [INFO]  rollback: Starting the rollback manager with 256 workers
2025-08-12T06:52:40.233Z [INFO]  rollback: starting rollback manager
2025-08-12T06:52:40.233Z [INFO]  core: restoring leases
2025-08-12T06:52:40.234Z [INFO]  expiration: lease restore complete
2025-08-12T06:52:40.235Z [INFO]  identity: entities restored
2025-08-12T06:52:40.235Z [INFO]  identity: groups restored
2025-08-12T06:52:40.235Z [INFO]  core: Recorded vault version: vault version=1.20.2 upgrade time="2025-08-12 06:52:40.235636761 +0000 UTC" build date=2025-08-05T19:05:39Z
2025-08-12T06:52:40.236Z [INFO]  core: post-unseal setup complete
2025-08-12T06:52:40.236Z [INFO]  core: root token generated
2025-08-12T06:52:40.236Z [INFO]  core: pre-seal teardown starting
2025-08-12T06:52:40.236Z [INFO]  rollback: stopping rollback manager
2025-08-12T06:52:40.236Z [INFO]  core: pre-seal teardown complete
2025-08-12T06:52:40.236Z [INFO]  core.cluster-listener.tcp: starting listener: listener_address=0.0.0.0:8201
2025-08-12T06:52:40.237Z [INFO]  core.cluster-listener: serving cluster requests: cluster_listen_address=[::]:8201
2025-08-12T06:52:40.237Z [INFO]  core: post-unseal setup starting
2025-08-12T06:52:40.237Z [INFO]  core: loaded wrapping token key
2025-08-12T06:52:40.237Z [INFO]  core: successfully setup plugin runtime catalog
2025-08-12T06:52:40.237Z [INFO]  core: successfully setup plugin catalog: plugin-directory=""
2025-08-12T06:52:40.238Z [INFO]  core: successfully mounted: type=system version="v1.20.2+builtin.vault" path=sys/ namespace="ID: root. Path: "
2025-08-12T06:52:40.238Z [INFO]  core: successfully mounted: type=identity version="v1.20.2+builtin.vault" path=identity/ namespace="ID: root. Path: "
2025-08-12T06:52:40.238Z [INFO]  core: successfully mounted: type=cubbyhole version="v1.20.2+builtin.vault" path=cubbyhole/ namespace="ID: root. Path: "
2025-08-12T06:52:40.239Z [INFO]  core: successfully mounted: type=token version="v1.20.2+builtin.vault" path=token/ namespace="ID: root. Path: "
2025-08-12T06:52:40.239Z [INFO]  rollback: Starting the rollback manager with 256 workers
2025-08-12T06:52:40.239Z [INFO]  rollback: starting rollback manager
2025-08-12T06:52:40.240Z [INFO]  core: restoring leases
2025-08-12T06:52:40.240Z [INFO]  identity: entities restored
2025-08-12T06:52:40.240Z [INFO]  identity: groups restored
2025-08-12T06:52:40.240Z [INFO]  expiration: lease restore complete
2025-08-12T06:52:40.240Z [INFO]  core: post-unseal setup complete
2025-08-12T06:52:40.240Z [INFO]  core: vault is unsealed
2025-08-12T06:52:40.242Z [INFO]  expiration: revoked lease: lease_id=auth/token/root/h3f98abf5ca5aa5dc86ffa9d6a044d0bcb7fb8d67a9ca2353e3764efa4a3bf2ec
2025-08-12T06:52:40.248Z [INFO]  core: successful mount: namespace="" path=secret/ type=kv version="v0.24.0+builtin"
WARNING! dev mode is enabled! In this mode, Vault runs entirely in-memory
and starts unsealed with a single unseal key. The root token is already
authenticated to the CLI, so you can immediately begin using Vault.

You may need to set the following environment variables:

    $ export VAULT_ADDR='http://0.0.0.0:8200'

The unseal key and root token are displayed below in case you want to
seal/unseal the Vault or re-authenticate.

Unseal Key: qQLAGFUIV4IJmb6DXYyNXHrvr/iosdxw7lfRknQZ7RQ=
Root Token: root

Development mode should NOT be used in production installations!

